Arguments: 
  C:\Program Files\nodejs\node.exe C:\Users\SHIN\AppData\Roaming\npm\node_modules\yarn\bin\yarn.js add express prisma @prisma/client cookie-parser jsonwebtokenyarn add express prisma @prisma/client cookie-parser jsonwebtoken

PATH: 
  C:\Users\SHIN\bin;C:\Program Files\Git\mingw64\bin;C:\Program Files\Git\usr\local\bin;C:\Program Files\Git\usr\bin;C:\Program Files\Git\usr\bin;C:\Program Files\Git\mingw64\bin;C:\Program Files\Git\usr\bin;C:\Users\SHIN\bin;C:\Program Files\Common Files\Oracle\Java\javapath;C:\Windows\System32;C:\Program Files\NVIDIA GPU Computing Toolkit\CUDA\v11.1;C:\Program Files\Microsoft SQL Server\130\Tools\Binn;C:\Program Files\nodejs;C:\Program Files\Git\cmd;C:\Program Files\Java\jdk-20\bin;C:\Users\SHIN\AppData\Local\Programs\Python\Python38\Scripts;C:\Users\SHIN\AppData\Local\Programs\Python\Python38;C:\Users\SHIN\AppData\Local\Microsoft\WindowsApps;C:\Users\SHIN\.dotnet\tools;C:\Program Files\CMake\bin;C:\Program Files\JetBrains\PyCharm Community Edition 2022.2.1\bin;C:\Users\SHIN\AppData\Local\Programs\Microsoft VS Code\bin;C:\Users\SHIN\AppData\Roaming\npm;C:\Program Files\JetBrains\IntelliJ IDEA Community Edition 2023.1.4\bin;C:\Program Files\Git\usr\bin\vendor_perl;C:\Program Files\Git\usr\bin\core_perl

Yarn version: 
  1.22.19

Node version: 
  18.12.1

Platform: 
  win32 x64

Trace: 
  Error: https://registry.yarnpkg.com/jsonwebtokenyarn: Not found
      at params.callback [as _callback] (C:\Users\SHIN\AppData\Roaming\npm\node_modules\yarn\lib\cli.js:66145:18)
      at self.callback (C:\Users\SHIN\AppData\Roaming\npm\node_modules\yarn\lib\cli.js:140890:22)
      at Request.emit (node:events:513:28)
      at Request.<anonymous> (C:\Users\SHIN\AppData\Roaming\npm\node_modules\yarn\lib\cli.js:141862:10)
      at Request.emit (node:events:513:28)
      at IncomingMessage.<anonymous> (C:\Users\SHIN\AppData\Roaming\npm\node_modules\yarn\lib\cli.js:141784:12)
      at Object.onceWrapper (node:events:627:28)
      at IncomingMessage.emit (node:events:525:35)
      at endReadableNT (node:internal/streams/readable:1359:12)
      at process.processTicksAndRejections (node:internal/process/task_queues:82:21)

npm manifest: 
  {
    "name": "nodejs-week5-exam3",
    "version": "1.0.0",
    "main": "index.js",
    "license": "MIT"
  }

yarn manifest: 
  No manifest

Lockfile: 
  No lockfile
